[04-05-2026 17:30:34] CSRF_ALERT - Token=NULL session=NULL
[04-05-2026 17:30:39] LOGIN_SUCCESS - User Jean Cortes Lorca (42)
[05-05-2026 12:30:32] SESSION_EXTEND - Sesion extendida por Jean Cortes Lorca (ID 42)
[05-05-2026 13:29:41] SESSION_EXTEND - Sesion extendida por Jean Cortes Lorca (ID 42)
[05-05-2026 15:44:23] SESSION_EXTEND - Sesion extendida por Jean Cortes Lorca (ID 42)
[05-05-2026 16:33:48] LOGIN_FAILURE - Intento con "42"
[05-05-2026 16:33:53] LOGIN_SUCCESS - User Jean Cortes Lorca (42)
[05-05-2026 16:53:30] CSRF_ALERT - Token=NULL session=NULL
[05-05-2026 16:53:35] LOGIN_SUCCESS - User Jean Cortes Lorca (42)
[06-05-2026 08:07:37] SESSION_EXTEND - Sesion extendida por Jean Cortes Lorca (ID 42)
[06-05-2026 08:12:38] REDMINE_SEND - Ticket enviado a Redmine. Mensaje=manual-69fa48bfcb39a3.70516300 Ticket=122078 Usuario=Jean Cortes Lorca
[06-05-2026 08:12:38] REDMINE_SEND - Ticket enviado a Redmine. Mensaje=manual-69fa490b1ec1f6.18232242 Ticket=122079 Usuario=Jean Cortes Lorca
[06-05-2026 08:12:38] REDMINE_SEND - Ticket enviado a Redmine. Mensaje=manual-69fa49567ca947.49807004 Ticket=122080 Usuario=Jean Cortes Lorca
[06-05-2026 08:12:38] REDMINE_SEND - Ticket enviado a Redmine. Mensaje=manual-69fa4ac8ba38a1.97753335 Ticket=122081 Usuario=Jean Cortes Lorca
[06-05-2026 08:12:38] REDMINE_SEND - Ticket enviado a Redmine. Mensaje=manual-69fa4af799d616.91556038 Ticket=122082 Usuario=Jean Cortes Lorca
[06-05-2026 08:12:38] REDMINE_SEND - Ticket enviado a Redmine. Mensaje=manual-69fa4b17950aa8.90657242 Ticket=122083 Usuario=Jean Cortes Lorca
[06-05-2026 08:12:39] REDMINE_SEND - Ticket enviado a Redmine. Mensaje=manual-69fa4b5914f266.15212775 Ticket=122084 Usuario=Jean Cortes Lorca
[06-05-2026 08:12:39] REDMINE_SEND - Ticket enviado a Redmine. Mensaje=manual-69fa4b74b00a33.61247604 Ticket=122085 Usuario=Jean Cortes Lorca
[06-05-2026 08:12:39] REDMINE_SEND - Ticket enviado a Redmine. Mensaje=manual-69fa545838ecf7.64273682 Ticket=122086 Usuario=Jean Cortes Lorca
[06-05-2026 08:12:39] REDMINE_SEND - Ticket enviado a Redmine. Mensaje=core-3ffdb19433a476805f1a Ticket=122087 Usuario=Jean Cortes Lorca
[06-05-2026 08:12:39] REDMINE_SEND - Ticket enviado a Redmine. Mensaje=core-63adc013a3c43deaa31b Ticket=122088 Usuario=Jean Cortes Lorca
[06-05-2026 08:12:39] REDMINE_SEND - Ticket enviado a Redmine. Mensaje=core-2ffe1f5bf23a73dc520a Ticket=122089 Usuario=Jean Cortes Lorca
[06-05-2026 08:12:39] REDMINE_SEND - Ticket enviado a Redmine. Mensaje=core-566f43f53022b8cef552 Ticket=122090 Usuario=Jean Cortes Lorca
[06-05-2026 08:12:40] REDMINE_SEND - Ticket enviado a Redmine. Mensaje=core-1d4b12470779a0f7725a Ticket=122091 Usuario=Jean Cortes Lorca
[06-05-2026 08:12:40] REDMINE_SEND - Ticket enviado a Redmine. Mensaje=core-b6f84f2ca36c302d1c69 Ticket=122092 Usuario=Jean Cortes Lorca
[06-05-2026 08:12:40] REDMINE_SEND - Ticket enviado a Redmine. Mensaje=core-cbd630977a9ac3e5a0ec Ticket=122093 Usuario=Jean Cortes Lorca
[06-05-2026 08:12:40] REDMINE_SEND - Ticket enviado a Redmine. Mensaje=core-36c2e3286dc445322aa0 Ticket=122094 Usuario=Jean Cortes Lorca
[06-05-2026 08:12:40] REDMINE_SEND - Ticket enviado a Redmine. Mensaje=core-2450b69e3029a42243fe Ticket=122095 Usuario=Jean Cortes Lorca
[06-05-2026 08:12:40] REDMINE_SEND - Ticket enviado a Redmine. Mensaje=core-1b5c711aac1d2edd297d Ticket=122096 Usuario=Jean Cortes Lorca
[06-05-2026 08:12:40] REDMINE_SEND - Ticket enviado a Redmine. Mensaje=core-c7c6c6c2fde474885189 Ticket=122097 Usuario=Jean Cortes Lorca
[06-05-2026 08:12:41] REDMINE_SEND - Ticket enviado a Redmine. Mensaje=core-e0b2f455c6cb92df7b42 Ticket=122098 Usuario=Jean Cortes Lorca
[06-05-2026 11:44:02] SESSION_EXTEND - Sesion extendida por Jean Cortes Lorca (ID 42)
[06-05-2026 15:28:29] SESSION_EXTEND - Sesion extendida por Jean Cortés Lorca (ID 42)
[06-05-2026 16:07:29] CSRF_ALERT - Token=NULL session=NULL
[06-05-2026 16:07:34] LOGIN_SUCCESS - User Jean Cortes Lorca (42)
[06-05-2026 16:24:01] SESSION_EXTEND - Sesion extendida por Jean Cortes Lorca (ID 42)
[06-05-2026 17:06:49] SESSION_EXTEND - Sesion extendida por Jean Cortes Lorca (ID 42)
[06-05-2026 17:07:51] REDMINE_SEND - Ticket enviado a Redmine. Mensaje=manual-69fb61e16ba8d4.22501159 Ticket=122256 Usuario=Jean Cortes Lorca
[06-05-2026 17:07:52] REDMINE_SEND - Ticket enviado a Redmine. Mensaje=manual-69fb625aada373.25292873 Ticket=122257 Usuario=Jean Cortes Lorca
[06-05-2026 17:07:52] REDMINE_SEND - Ticket enviado a Redmine. Mensaje=manual-69fb627a1e0623.42515979 Ticket=122258 Usuario=Jean Cortes Lorca
[06-05-2026 17:07:52] REDMINE_SEND - Ticket enviado a Redmine. Mensaje=manual-69fb6ea632dda4.61953759 Ticket=122259 Usuario=Jean Cortes Lorca
[06-05-2026 17:07:52] REDMINE_SEND - Ticket enviado a Redmine. Mensaje=manual-69fb968f1f7574.13113545 Ticket=122260 Usuario=Jean Cortes Lorca
[06-05-2026 17:07:52] REDMINE_SEND - Ticket enviado a Redmine. Mensaje=manual-69fb9fc7c11563.88947394 Ticket=122261 Usuario=Jean Cortes Lorca
[06-05-2026 17:07:52] REDMINE_SEND - Ticket enviado a Redmine. Mensaje=core-4568b8d34b25a4676c87 Ticket=122262 Usuario=Jean Cortes Lorca
[06-05-2026 17:07:52] REDMINE_SEND - Ticket enviado a Redmine. Mensaje=core-80c30336919169dd387e Ticket=122263 Usuario=Jean Cortes Lorca
[06-05-2026 17:07:52] REDMINE_SEND - Ticket enviado a Redmine. Mensaje=core-3c13d5b650f7aa0016ca Ticket=122264 Usuario=Jean Cortes Lorca
[06-05-2026 17:07:53] REDMINE_SEND - Ticket enviado a Redmine. Mensaje=core-c65b721c01b88a764c7f Ticket=122265 Usuario=Jean Cortes Lorca
[06-05-2026 17:07:53] REDMINE_SEND - Ticket enviado a Redmine. Mensaje=core-db083e9b652f60143e4b Ticket=122266 Usuario=Jean Cortes Lorca
[06-05-2026 17:07:53] REDMINE_SEND - Ticket enviado a Redmine. Mensaje=core-e61f14bbc015e4cdb468 Ticket=122267 Usuario=Jean Cortes Lorca
[06-05-2026 17:07:53] REDMINE_SEND - Ticket enviado a Redmine. Mensaje=core-b8fb9d7c07703d75515d Ticket=122268 Usuario=Jean Cortes Lorca
[07-05-2026 07:50:16] SESSION_EXTEND - Sesion extendida por Jean Cortes Lorca (ID 42)
[07-05-2026 08:34:44] CSRF_ALERT - Token=NULL session=NULL
[07-05-2026 08:34:48] LOGIN_SUCCESS - User Jean Cortes Lorca (42)
[07-05-2026 08:44:10] SESSION_EXTEND - Sesion extendida por Jean Cortes Lorca (ID 42)
[07-05-2026 09:02:06] SESSION_EXTEND - Sesion extendida por Jean Cortes Lorca (ID 42)
[07-05-2026 09:39:08] SESSION_EXTEND - Sesion extendida por Jean Cortes Lorca (ID 42)
[07-05-2026 09:59:46] SESSION_EXTEND - Sesion extendida por Jean Cortes Lorca (ID 42)
[07-05-2026 14:37:54] CSRF_ALERT - Token=NULL session=NULL
[07-05-2026 14:37:58] LOGIN_SUCCESS - User Jean Cortes Lorca (42)
[07-05-2026 16:17:19] CSRF_ALERT - Token=NULL session=NULL
[07-05-2026 16:17:23] LOGIN_SUCCESS - User Jean Cortes Lorca (42)
[07-05-2026 16:35:10] SESSION_EXTEND - Sesion extendida por Jean Cortes Lorca (ID 42)
[07-05-2026 16:58:12] CSRF_ALERT - Token=NULL session=NULL
[07-05-2026 16:58:15] LOGIN_SUCCESS - User Jean Cortes Lorca (42)
[07-05-2026 17:13:56] SESSION_EXTEND - Sesion extendida por Jean Cortes Lorca (ID 42)
[07-05-2026 17:14:04] REDMINE_SEND - Ticket enviado a Redmine. Mensaje=manual-69fc7cc57c0c89.83414673 Ticket=122378 Usuario=Jean Cortes Lorca
[07-05-2026 17:14:05] REDMINE_SEND - Ticket enviado a Redmine. Mensaje=manual-69fc8e8b1b8541.61176868 Ticket=122379 Usuario=Jean Cortes Lorca
[07-05-2026 17:14:05] REDMINE_SEND - Ticket enviado a Redmine. Mensaje=manual-69fc8eb3bbfb83.90482961 Ticket=122380 Usuario=Jean Cortes Lorca
[07-05-2026 17:14:05] REDMINE_SEND - Ticket enviado a Redmine. Mensaje=manual-69fc9b2cce6bb8.48716569 Ticket=122381 Usuario=Jean Cortes Lorca
[07-05-2026 17:14:05] REDMINE_SEND - Ticket enviado a Redmine. Mensaje=manual-69fcdc29b7fe87.03323842 Ticket=122382 Usuario=Jean Cortes Lorca
[07-05-2026 17:14:05] REDMINE_SEND - Ticket enviado a Redmine. Mensaje=manual-69fcf410477884.17557159 Ticket=122383 Usuario=Jean Cortes Lorca
[07-05-2026 17:14:05] REDMINE_SEND - Ticket enviado a Redmine. Mensaje=manual-69fcf7a9090d83.66068569 Ticket=122384 Usuario=Jean Cortes Lorca
[07-05-2026 17:14:06] REDMINE_SEND - Ticket enviado a Redmine. Mensaje=core-d269db7c93a306ebe45d Ticket=122385 Usuario=Jean Cortes Lorca
[07-05-2026 17:14:06] REDMINE_SEND - Ticket enviado a Redmine. Mensaje=core-bc8288f1da97b5f2dc65 Ticket=122386 Usuario=Jean Cortes Lorca
[07-05-2026 17:14:06] REDMINE_SEND - Ticket enviado a Redmine. Mensaje=core-19989f51d456013c21c1 Ticket=122387 Usuario=Jean Cortes Lorca
[07-05-2026 17:14:06] REDMINE_SEND - Ticket enviado a Redmine. Mensaje=core-c92a6e165d3507ace7c0 Ticket=122388 Usuario=Jean Cortes Lorca
[07-05-2026 17:14:06] REDMINE_SEND - Ticket enviado a Redmine. Mensaje=core-c67a5ee90c6e88e344d7 Ticket=122389 Usuario=Jean Cortes Lorca
[07-05-2026 17:14:06] REDMINE_SEND - Ticket enviado a Redmine. Mensaje=core-5731f133823515b010b6 Ticket=122390 Usuario=Jean Cortes Lorca
[07-05-2026 17:14:06] REDMINE_SEND - Ticket enviado a Redmine. Mensaje=core-fd111a5f563c5e97a72a Ticket=122391 Usuario=Jean Cortes Lorca
[07-05-2026 17:14:08] REDMINE_SEND - Ticket enviado a Redmine. Mensaje=core-7c37a0606f898f8f4288 Ticket=122392 Usuario=Jean Cortes Lorca
[07-05-2026 17:14:08] REDMINE_SEND - Ticket enviado a Redmine. Mensaje=core-8c4b2da55081693b1761 Ticket=122393 Usuario=Jean Cortes Lorca
[07-05-2026 17:14:08] REDMINE_SEND - Ticket enviado a Redmine. Mensaje=core-a775a63b8c6065c02e9b Ticket=122394 Usuario=Jean Cortes Lorca
[07-05-2026 17:14:08] REDMINE_SEND - Ticket enviado a Redmine. Mensaje=core-17e979e14231c8d6756e Ticket=122395 Usuario=Jean Cortes Lorca
[07-05-2026 17:14:08] REDMINE_SEND - Ticket enviado a Redmine. Mensaje=core-59bc672d978469cb3a61 Ticket=122396 Usuario=Jean Cortes Lorca
[07-05-2026 17:14:08] REDMINE_SEND - Ticket enviado a Redmine. Mensaje=core-8fb817748fbfb79da03c Ticket=122397 Usuario=Jean Cortes Lorca
[07-05-2026 17:14:08] REDMINE_SEND - Ticket enviado a Redmine. Mensaje=core-4105ad53148dd7f321c6 Ticket=122398 Usuario=Jean Cortes Lorca
[07-05-2026 17:14:08] REDMINE_SEND - Ticket enviado a Redmine. Mensaje=core-cbe38b69e239fad65b00 Ticket=122399 Usuario=Jean Cortes Lorca
[07-05-2026 17:14:09] REDMINE_SEND - Ticket enviado a Redmine. Mensaje=core-56e86b6dae1a5e63d8c2 Ticket=122400 Usuario=Jean Cortes Lorca
[07-05-2026 17:14:09] REDMINE_SEND - Ticket enviado a Redmine. Mensaje=core-34e79bef7db5cd107f14 Ticket=122401 Usuario=Jean Cortes Lorca
[07-05-2026 17:14:09] REDMINE_SEND - Ticket enviado a Redmine. Mensaje=core-d2244d845e55e9985306 Ticket=122402 Usuario=Jean Cortes Lorca
[07-05-2026 17:14:09] REDMINE_SEND - Ticket enviado a Redmine. Mensaje=core-a561723288da71b8edfa Ticket=122403 Usuario=Jean Cortes Lorca
[07-05-2026 17:14:09] REDMINE_SEND - Ticket enviado a Redmine. Mensaje=core-cb9c79046256f331adf2 Ticket=122404 Usuario=Jean Cortes Lorca
[07-05-2026 17:14:09] REDMINE_SEND - Ticket enviado a Redmine. Mensaje=core-6bf1408b7369fc4f3a9b Ticket=122405 Usuario=Jean Cortes Lorca
[07-05-2026 17:14:09] REDMINE_SEND - Ticket enviado a Redmine. Mensaje=core-b21dd9ab62879421eb98 Ticket=122406 Usuario=Jean Cortes Lorca
[07-05-2026 17:14:09] REDMINE_SEND - Ticket enviado a Redmine. Mensaje=core-762577653c6eb9083092 Ticket=122407 Usuario=Jean Cortes Lorca
[07-05-2026 17:14:10] REDMINE_SEND - Ticket enviado a Redmine. Mensaje=core-2e7f0fe8475cbecad1df Ticket=122408 Usuario=Jean Cortes Lorca
[07-05-2026 17:14:10] REDMINE_SEND - Ticket enviado a Redmine. Mensaje=core-d4b9df5da910fe62f250 Ticket=122409 Usuario=Jean Cortes Lorca
[07-05-2026 17:14:10] REDMINE_SEND - Ticket enviado a Redmine. Mensaje=core-9602f03f795a0a1f497a Ticket=122410 Usuario=Jean Cortes Lorca
[07-05-2026 17:14:10] REDMINE_SEND - Ticket enviado a Redmine. Mensaje=core-a3d1dca0402fb7e467e5 Ticket=122411 Usuario=Jean Cortes Lorca
[07-05-2026 17:14:10] REDMINE_SEND - Ticket enviado a Redmine. Mensaje=core-20def6ba45061bd56b01 Ticket=122412 Usuario=Jean Cortes Lorca
[07-05-2026 17:14:10] REDMINE_SEND - Ticket enviado a Redmine. Mensaje=core-dec4d5a68776960e508a Ticket=122413 Usuario=Jean Cortes Lorca
[07-05-2026 17:14:11] REDMINE_SEND - Ticket enviado a Redmine. Mensaje=core-76f93cce4197fa32a629 Ticket=122414 Usuario=Jean Cortes Lorca
[07-05-2026 17:14:11] REDMINE_SEND - Ticket enviado a Redmine. Mensaje=core-ce1452f2f5278b232900 Ticket=122415 Usuario=Jean Cortes Lorca
[07-05-2026 17:14:11] REDMINE_SEND - Ticket enviado a Redmine. Mensaje=core-ed0f89bf3e1e5333dd22 Ticket=122416 Usuario=Jean Cortes Lorca
[07-05-2026 17:14:11] REDMINE_SEND - Ticket enviado a Redmine. Mensaje=core-b2466e7e56de556db2c0 Ticket=122417 Usuario=Jean Cortes Lorca
[07-05-2026 17:14:11] REDMINE_SEND - Ticket enviado a Redmine. Mensaje=core-d807b7c94b74e00ebb7b Ticket=122418 Usuario=Jean Cortes Lorca
[07-05-2026 17:14:11] REDMINE_SEND - Ticket enviado a Redmine. Mensaje=core-7e613a2ecb9c618cca9c Ticket=122419 Usuario=Jean Cortes Lorca
[07-05-2026 17:14:11] REDMINE_SEND - Ticket enviado a Redmine. Mensaje=core-f776038599f609122407 Ticket=122420 Usuario=Jean Cortes Lorca
[07-05-2026 17:14:12] REDMINE_SEND - Ticket enviado a Redmine. Mensaje=core-f3d06173f20a5e7270c6 Ticket=122421 Usuario=Jean Cortes Lorca
[07-05-2026 17:14:12] REDMINE_SEND - Ticket enviado a Redmine. Mensaje=core-5524a06ce9134f5e1ca4 Ticket=122422 Usuario=Jean Cortes Lorca
[07-05-2026 17:14:12] REDMINE_SEND - Ticket enviado a Redmine. Mensaje=core-cd5b1080cbaff16d8dee Ticket=122423 Usuario=Jean Cortes Lorca
[07-05-2026 17:14:12] REDMINE_SEND - Ticket enviado a Redmine. Mensaje=core-8540f7aa27520a03aa48 Ticket=122424 Usuario=Jean Cortes Lorca
[07-05-2026 17:14:12] REDMINE_SEND - Ticket enviado a Redmine. Mensaje=core-ecec2eaaf10d31032d3c Ticket=122425 Usuario=Jean Cortes Lorca
[07-05-2026 17:14:12] REDMINE_SEND - Ticket enviado a Redmine. Mensaje=core-5b8825876bcc1c694f9f Ticket=122426 Usuario=Jean Cortes Lorca
[07-05-2026 17:14:12] REDMINE_SEND - Ticket enviado a Redmine. Mensaje=core-9ea8dfee49abc5bf45b5 Ticket=122427 Usuario=Jean Cortes Lorca
[08-05-2026 08:05:57] SESSION_EXTEND - Sesion extendida por Jean Cortes Lorca (ID 42)
[08-05-2026 09:45:57] SESSION_EXTEND - Sesion extendida por Jean Cortes Lorca (ID 42)
[08-05-2026 12:28:45] CSRF_ALERT - Token=NULL session=NULL
[08-05-2026 12:28:50] LOGIN_SUCCESS - User Jean Cortes Lorca (42)
[08-05-2026 16:05:46] CSRF_ALERT - Token=NULL session=NULL
[08-05-2026 16:05:51] LOGIN_SUCCESS - User Jean Cortes Lorca (42)
[08-05-2026 16:23:50] SESSION_EXTEND - Sesion extendida por Jean Cortes Lorca (ID 42)
[08-05-2026 16:50:09] SESSION_EXTEND - Sesion extendida por Jean Cortes Lorca (ID 42)
[08-05-2026 16:54:25] REDMINE_SEND - Ticket enviado a Redmine. Mensaje=manual-69fde945bc1cc7.77128547 Ticket=122590 Usuario=Jean Cortes Lorca
[08-05-2026 16:56:43] REDMINE_SEND - Ticket enviado a Redmine. Mensaje=manual-69fde9b53380c6.15448704 Ticket=122591 Usuario=Jean Cortes Lorca
[09-05-2026 08:00:43] SESSION_EXTEND - Sesion extendida por Jean Cortes Lorca (ID 42)
[09-05-2026 08:16:08] SESSION_EXTEND - Sesion extendida por Jean Cortes Lorca (ID 42)
[09-05-2026 08:30:54] SESSION_EXTEND - Sesion extendida por Jean Cortes Lorca (ID 42)
[09-05-2026 08:40:05] SESSION_EXTEND - Sesion extendida por Jean Cortes Lorca (ID 42)
[09-05-2026 09:56:23] SESSION_EXTEND - Sesion extendida por Jean Cortes Lorca (ID 42)
[09-05-2026 10:05:48] SESSION_EXTEND - Sesion extendida por Jean Cortes Lorca (ID 42)
[09-05-2026 10:15:42] SESSION_EXTEND - Sesion extendida por Jean Cortes Lorca (ID 42)
[09-05-2026 10:49:22] SESSION_EXTEND - Sesion extendida por Jean Cortes Lorca (ID 42)
[09-05-2026 11:58:08] CSRF_ALERT - Token=NULL session=NULL
[09-05-2026 11:58:11] LOGIN_SUCCESS - User Jean Cortes Lorca (42)
[09-05-2026 12:21:51] SESSION_EXTEND - Sesion extendida por Jean Cortes Lorca (ID 42)
[09-05-2026 14:33:20] SESSION_EXTEND_FAIL - Intento fallido de extension de sesion para Jean Cortes Lorca (ID 42)
[09-05-2026 14:33:25] SESSION_EXTEND_FAIL - Intento fallido de extension de sesion para Jean Cortes Lorca (ID 42)
[09-05-2026 14:33:29] SESSION_EXTEND - Sesion extendida por Jean Cortes Lorca (ID 42)
[11-05-2026 08:24:44] CSRF_ALERT - Token=NULL session=NULL
[11-05-2026 09:13:14] LOGIN_SUCCESS - User Jean Cortes Lorca (42)
[11-05-2026 09:29:18] SESSION_EXTEND - Sesion extendida por Jean Cortes Lorca (ID 42)
[11-05-2026 10:02:53] SESSION_EXTEND - Sesion extendida por Jean Cortes Lorca (ID 42)
[11-05-2026 10:28:37] SESSION_EXTEND - Sesion extendida por Jean Cortes Lorca (ID 42)
[11-05-2026 10:49:23] SESSION_EXTEND - Sesion extendida por Jean Cortes Lorca (ID 42)
[11-05-2026 10:59:39] SESSION_EXTEND - Sesion extendida por Jean Cortes Lorca (ID 42)
[11-05-2026 11:12:41] SESSION_EXTEND - Sesion extendida por Jean Cortes Lorca (ID 42)
[11-05-2026 11:22:35] SESSION_EXTEND - Sesion extendida por Jean Cortes Lorca (ID 42)
[11-05-2026 11:50:18] SESSION_EXTEND - Sesion extendida por Jean Cortes Lorca (ID 42)
[11-05-2026 12:01:32] SESSION_EXTEND - Sesion extendida por Jean Cortes Lorca (ID 42)
[11-05-2026 12:27:47] SESSION_EXTEND - Sesion extendida por Jean Cortes Lorca (ID 42)
[11-05-2026 12:38:52] SESSION_EXTEND - Sesion extendida por Jean Cortes Lorca (ID 42)
[11-05-2026 12:45:45] SESSION_EXTEND - Sesion extendida por Jean Cortes Lorca (ID 42)
[11-05-2026 13:46:38] SESSION_EXTEND - Sesion extendida por Jean Cortes Lorca (ID 42)
[11-05-2026 14:17:35] SESSION_EXTEND - Sesion extendida por Jean Cortés Lorca (ID 42)
[12-05-2026 10:46:47] CSRF_ALERT - Token=NULL session=NULL
[12-05-2026 10:46:50] LOGIN_SUCCESS - User Jean Cortes Lorca (42)
[12-05-2026 10:50:57] LOGIN_SUCCESS - User Jean Cortes Lorca (42)
[12-05-2026 11:08:37] SESSION_EXTEND - Sesion extendida por Jean Cortes Lorca (ID 42)
[12-05-2026 14:11:27] SESSION_EXTEND - Sesion extendida por Jean Cortés Lorca (ID 42)
[12-05-2026 15:21:47] SESSION_EXTEND - Sesion extendida por Jean Cortés Lorca (ID 42)
[12-05-2026 16:06:34] SESSION_EXTEND - Sesion extendida por Jean Cortés Lorca (ID 42)
[12-05-2026 17:19:51] SESSION_EXTEND - Sesion extendida por Jean Cortés Lorca (ID 42)
[13-05-2026 08:40:47] SESSION_EXTEND - Sesion extendida por Jean Cortés Lorca (ID 42)
